<?xml version="1.0" encoding="UTF-8"?>
<testng-results skipped="0" failed="0" total="1" passed="1">
  <reporter-output>
  </reporter-output>
  <suite name="Default suite" duration-ms="28833" started-at="2019-10-22T06:04:50Z" finished-at="2019-10-22T06:05:18Z">
    <groups>
    </groups>
    <test name="Default test" duration-ms="28833" started-at="2019-10-22T06:04:50Z" finished-at="2019-10-22T06:05:18Z">
      <class name="DriverFactory.DriverScript">
        <test-method status="PASS" signature="startTest()[pri:0, instance:DriverFactory.DriverScript@239963d8]" name="startTest" duration-ms="28802" started-at="2019-10-22T11:34:50Z" finished-at="2019-10-22T11:35:18Z">
          <reporter-output>
          </reporter-output>
        </test-method> <!-- startTest -->
      </class> <!-- DriverFactory.DriverScript -->
    </test> <!-- Default test -->
  </suite> <!-- Default suite -->
</testng-results>
